<?xml version="1.0" encoding="UTF-8"?>
<!-- Generated by org.testng.reporters.JUnitXMLReporter -->
<testsuite ignored="0" hostname="LAPTOP-P2VFT1JK" failures="1" tests="4" name="Test" time="28.594" errors="0" timestamp="2025-03-18T22:12:12 IST">
  <testcase classname="testCases.TC003_LoginDDT" name="verify_loginDDT" time="1.709"/>
  <testcase classname="testCases.TC003_LoginDDT" name="verify_loginDDT" time="10.532"/>
  <testcase classname="testCases.TC003_LoginDDT" name="verify_loginDDT" time="10.781"/>
  <testcase classname="testCases.TC003_LoginDDT" name="verify_loginDDT" time="1.966">
    <failure type="java.lang.AssertionError" message="expected [true] but found [false]">
      <![CDATA[java.lang.AssertionError: expected [true] but found [false]
at testCases.TC003_LoginDDT.verify_loginDDT(TC003_LoginDDT.java:55)
at java.base/java.util.ArrayList.forEach(ArrayList.java:1596)
... Removed 29 stack frames]]>
    </failure>
  </testcase> <!-- verify_loginDDT -->
</testsuite> <!-- Test -->
