<?xml version="1.0" encoding="UTF-8"?>
<testng-results ignored="0" total="1" passed="1" failed="0" skipped="0">
  <reporter-output>
  </reporter-output>
  <suite started-at="2025-03-27T16:51:36 IST" name="Master Suite" finished-at="2025-03-27T16:51:50 IST" duration-ms="13497">
    <groups>
      <group name="Master">
        <method signature="TC006_ViewCartPageTest.verify_viewCart()[pri:0, instance:testCases.TC006_ViewCartPageTest@6138e79a]" name="verify_viewCart" class="testCases.TC006_ViewCartPageTest"/>
      </group> <!-- Master -->
    </groups>
    <test started-at="2025-03-27T16:51:36 IST" name="Test" finished-at="2025-03-27T16:51:50 IST" duration-ms="13497">
      <class name="testCases.TC006_ViewCartPageTest">
        <test-method is-config="true" signature="setup(java.lang.String,java.lang.String)[pri:0, instance:testCases.TC006_ViewCartPageTest@6138e79a]" started-at="2025-03-27T16:51:37 IST" name="setup" finished-at="2025-03-27T16:51:40 IST" duration-ms="3337" status="PASS">
          <params>
            <param index="0">
              <value>
                <![CDATA[Windows]]>
              </value>
            </param>
            <param index="1">
              <value>
                <![CDATA[chrome]]>
              </value>
            </param>
          </params>
          <reporter-output>
          </reporter-output>
        </test-method> <!-- setup -->
        <test-method signature="verify_viewCart()[pri:0, instance:testCases.TC006_ViewCartPageTest@6138e79a]" started-at="2025-03-27T16:51:40 IST" name="verify_viewCart" finished-at="2025-03-27T16:51:50 IST" duration-ms="9689" status="PASS">
          <reporter-output>
          </reporter-output>
        </test-method> <!-- verify_viewCart -->
        <test-method is-config="true" signature="tearDown()[pri:0, instance:testCases.TC006_ViewCartPageTest@6138e79a]" started-at="2025-03-27T16:51:50 IST" name="tearDown" finished-at="2025-03-27T16:51:50 IST" duration-ms="308" status="PASS">
          <reporter-output>
          </reporter-output>
        </test-method> <!-- tearDown -->
      </class> <!-- testCases.TC006_ViewCartPageTest -->
    </test> <!-- Test -->
  </suite> <!-- Master Suite -->
</testng-results>
